<?xml version="1.0" encoding="UTF-8"?>
<testng-results total="1" passed="1" failed="0" skipped="0">
  <reporter-output>
  </reporter-output>
  <suite started-at="2021-06-25T08:11:56Z" name="Surefire suite" finished-at="2021-06-25T08:12:04Z" duration-ms="8382">
    <groups>
    </groups>
    <test started-at="2021-06-25T08:11:56Z" name="Surefire test" finished-at="2021-06-25T08:12:04Z" duration-ms="8382">
      <class name="Test01">
        <test-method signature="readExcel()[pri:0, instance:Test01@4190bc8a]" started-at="2021-06-25T13:41:56Z" name="readExcel" finished-at="2021-06-25T13:42:04Z" duration-ms="8368" status="PASS">
          <reporter-output>
          </reporter-output>
        </test-method> <!-- readExcel -->
      </class> <!-- Test01 -->
    </test> <!-- Surefire test -->
  </suite> <!-- Surefire suite -->
</testng-results>
