<?xml version="1.0" encoding="UTF-8"?>
<testng-results total="1" passed="1" failed="0" skipped="0">
  <reporter-output>
  </reporter-output>
  <suite started-at="2021-06-25T08:05:47Z" name="Suite" finished-at="2021-06-25T08:05:55Z" duration-ms="8349">
    <groups>
    </groups>
    <test started-at="2021-06-25T08:05:47Z" name="Test" finished-at="2021-06-25T08:05:55Z" duration-ms="8349">
      <class name="Test01">
        <test-method signature="readExcel()[pri:0, instance:Test01@4686afc2]" started-at="2021-06-25T13:35:47Z" name="readExcel" finished-at="2021-06-25T13:35:55Z" duration-ms="8329" status="PASS">
          <reporter-output>
          </reporter-output>
        </test-method> <!-- readExcel -->
      </class> <!-- Test01 -->
    </test> <!-- Test -->
  </suite> <!-- Suite -->
</testng-results>
